<?xml version="1.0" encoding="UTF-8"?>
<testsuite name="com.nnaroju.newsapp.domain.usecases.news.NewsUseCasesTest" tests="1" skipped="0" failures="0" errors="0" timestamp="2024-07-07T03:31:48" hostname="nnaroju-C02G50AHMD6N" time="0.09">
  <properties/>
  <testcase name="test all useCases of newsUseCases" classname="com.nnaroju.newsapp.domain.usecases.news.NewsUseCasesTest" time="0.09"/>
  <system-out><![CDATA[]]></system-out>
  <system-err><![CDATA[]]></system-err>
</testsuite>
