<?xml version="1.0" encoding="UTF-8"?>
<testsuite name="com.nnaroju.newsapp.domain.usecases.news.DeleteArticleUseCaseTest" tests="1" skipped="0" failures="0" errors="0" timestamp="2024-07-06T12:06:17" hostname="nnaroju-C02G50AHMD6N" time="2.096">
  <properties/>
  <testcase name="test invoke(article) on deleteUseCase interacts with dao" classname="com.nnaroju.newsapp.domain.usecases.news.DeleteArticleUseCaseTest" time="2.096"/>
  <system-out><![CDATA[]]></system-out>
  <system-err><![CDATA[]]></system-err>
</testsuite>
