<?xml version="1.0" encoding="UTF-8"?>
<testsuite name="com.nnaroju.newsapp.domain.usecases.news.SearchNewsUseCaseTest" tests="1" skipped="0" failures="0" errors="0" timestamp="2024-07-06T12:06:19" hostname="nnaroju-C02G50AHMD6N" time="0.005">
  <properties/>
  <testcase name="test invoke on SearchNewsUseCase interacts with newsRepository" classname="com.nnaroju.newsapp.domain.usecases.news.SearchNewsUseCaseTest" time="0.005"/>
  <system-out><![CDATA[]]></system-out>
  <system-err><![CDATA[]]></system-err>
</testsuite>
