<?xml version="1.0" encoding="UTF-8"?>
<testsuite name="com.nnaroju.newsapp.ExampleUnitTest" tests="1" skipped="0" failures="0" errors="0" timestamp="2024-07-07T03:31:45" hostname="nnaroju-C02G50AHMD6N" time="0.002">
  <properties/>
  <testcase name="addition_isCorrect" classname="com.nnaroju.newsapp.ExampleUnitTest" time="0.002"/>
  <system-out><![CDATA[]]></system-out>
  <system-err><![CDATA[]]></system-err>
</testsuite>
