<?xml version='1.0' encoding='UTF-8' ?>
<testsuite name="com.nnaroju.newsapp.presentation.details.components.DetailsTopBarKtTest" tests="5" failures="0" errors="0" skipped="0" time="7.401" timestamp="2024-07-07T04:13:07" hostname="localhost">
  <properties>
    <property name="device" value="Pixel_6_API_30(AVD) - 11" />
    <property name="flavor" value="" />
    <property name="project" value=":app" />
  </properties>
  <testcase name="testSaveIconClick" classname="com.nnaroju.newsapp.presentation.details.components.DetailsTopBarKtTest" time="1.021" />
  <testcase name="testNavigationIconClick" classname="com.nnaroju.newsapp.presentation.details.components.DetailsTopBarKtTest" time="0.431" />
  <testcase name="testShareIconClick" classname="com.nnaroju.newsapp.presentation.details.components.DetailsTopBarKtTest" time="0.401" />
  <testcase name="testTopAppBar" classname="com.nnaroju.newsapp.presentation.details.components.DetailsTopBarKtTest" time="0.401" />
  <testcase name="testSearchIconClick" classname="com.nnaroju.newsapp.presentation.details.components.DetailsTopBarKtTest" time="0.38" />
</testsuite>